

APP-START
2018-12-17T07:15:14TZD



Login: jure@vsmti.hr
2018-12-17T07:15:19TZD



Izvjestaj: 02
2018-12-17T07:15:46TZD



Izdatnica: 07
Kolicina izlaza:100
2018-12-17T07:16:00TZD



Izdatnica: Greda
Kolicina izlaza:100
2018-12-17T07:16:08TZD



EXIT
2018-12-17T07:16:17TZD



APP-START
2018-12-17T07:19:06TZD



Login: slavko@vsmti.hr
2018-12-17T07:19:21TZD



Izvjestaj: 01
2018-12-17T07:19:24TZD




Izdatnica: 03

Kolicina izlaza:10
2018-12-17T07:19:38TZD




Primka: Kamen

Kolicina ulaza:10
2018-12-17T07:19:49TZD



EXIT
2018-12-17T07:19:51TZD



APP-START
2018-12-17T07:23:04TZD




Login: jure@vsmti.hr
2018-12-17T07:23:10TZD




Izvjestaj: 06
2018-12-17T07:23:19TZD




Izdatnica: 09Kolicina izlaza:10
2018-12-17T07:23:26TZD




Primka: ZbukaKolicina ulaza:10
2018-12-17T07:23:33TZD




EXIT
2018-12-17T07:23:38TZD




APP-START
2018-12-17T07:24:50TZD


Login: jure@vsmti.hr
2018-12-17T07:24:56TZD


Izvjestaj: 08
2018-12-17T07:25:02TZD


Izdatnica: 01Kolicina izlaza:10
2018-12-17T07:25:10TZD


Primka: ZbukaKolicina ulaza:10
2018-12-17T07:25:23TZD


EXIT
2018-12-17T07:25:26TZD


APP-START
2018-12-17T07:25:58TZD


Login: jure@vsmti.hr
2018-12-17T07:26:04TZD


APP-START
2018-12-17T07:27:37TZD


APP-START
2018-12-17T07:37:54TZD


Login: jure@vsmti.hr
2018-12-17T07:38:01TZD


Izvjestaj: 07
2018-12-17T07:39:33TZD


EXIT
2018-12-17T07:40:12TZD


APP-START
2018-12-18T11:15:35TZD


Login: jure@vsmti.hr
2018-12-18T11:15:41TZD


APP-START
2018-12-18T11:15:52TZD


Login: jure@vsmti.hr
2018-12-18T11:16:00TZD


Izvjestaj: 03
2018-12-18T11:16:37TZD


Izdatnica: 01Kolicina izlaza:10
2018-12-18T11:17:06TZD


Izvjestaj: 01
2018-12-18T11:17:15TZD


Primka: CementKolicina ulaza:10
2018-12-18T11:17:50TZD


Izvjestaj: 01
2018-12-18T11:17:56TZD


Izdatnica: 00Kolicina izlaza:10
2018-12-18T11:18:24TZD


APP-START
2018-12-18T12:06:42TZD


Login: jure@vsmti.hr
2018-12-18T12:06:49TZD


Izvjestaj: 00
2018-12-18T12:06:59TZD


Izvjestaj: 08
2018-12-18T12:07:14TZD


APP-START
2018-12-18T12:10:36TZD


Login: jure@vsmti.hr
2018-12-18T12:10:42TZD


Izvjestaj: 08
2018-12-18T12:10:55TZD


APP-EXIT
2018-12-18T12:11:00TZD


APP-START
2018-12-18T12:11:59TZD


Login: jure@vsmti.hr
2018-12-18T12:12:07TZD


Izdatnica: 00Kolicina izlaza:10
2018-12-18T12:12:13TZD


APP-START
2018-12-18T12:18:00TZD


Login: jure@vsmti.hr
2018-12-18T12:18:06TZD


Izdatnica: 00Kolicina izlaza:10
2018-12-18T12:18:12TZD


APP-START
2018-12-18T12:19:41TZD


Login: jure@vsmti.hr
2018-12-18T12:19:46TZD


Primka: 03Kolicina ulaza:10
2018-12-18T12:19:58TZD


Izvjestaj: Cement
2018-12-18T12:20:29TZD


Izvjestaj: 00
2018-12-18T12:20:35TZD


APP-EXIT
2018-12-18T12:20:40TZD


APP-START
2018-12-18T12:24:36TZD


Login: jure@vsmti.hr
2018-12-18T12:24:40TZD


Izvjestaj: Cement
2018-12-18T12:24:45TZD


Primka: 09Kolicina ulaza:10
2018-12-18T12:24:51TZD


Primka: 00Kolicina ulaza:10
2018-12-18T12:24:57TZD


Izvjestaj: 00
2018-12-18T12:25:01TZD


APP-EXIT
2018-12-18T12:25:04TZD


APP-START
2018-12-18T12:41:57TZD


Login: jure@vsmti.hr
2018-12-18T12:42:03TZD


Izvjestaj: 00
2018-12-18T12:42:06TZD


Izdatnica: 00Kolicina izlaza:10
2018-12-18T12:42:15TZD


APP-EXIT
2018-12-18T12:42:56TZD
